running egg_info
creating ../build/robot_coord_custom/robot_coord_custom.egg-info
writing ../build/robot_coord_custom/robot_coord_custom.egg-info/PKG-INFO
writing dependency_links to ../build/robot_coord_custom/robot_coord_custom.egg-info/dependency_links.txt
writing entry points to ../build/robot_coord_custom/robot_coord_custom.egg-info/entry_points.txt
writing requirements to ../build/robot_coord_custom/robot_coord_custom.egg-info/requires.txt
writing top-level names to ../build/robot_coord_custom/robot_coord_custom.egg-info/top_level.txt
writing manifest file '../build/robot_coord_custom/robot_coord_custom.egg-info/SOURCES.txt'
reading manifest file '../build/robot_coord_custom/robot_coord_custom.egg-info/SOURCES.txt'
writing manifest file '../build/robot_coord_custom/robot_coord_custom.egg-info/SOURCES.txt'
running build
running build_py
creating /home/zzz/ros2_ws/src/my_ur10e_control/build/robot_coord_custom/build
creating /home/zzz/ros2_ws/src/my_ur10e_control/build/robot_coord_custom/build/lib
creating /home/zzz/ros2_ws/src/my_ur10e_control/build/robot_coord_custom/build/lib/robot_coord_custom
copying robot_coord_custom/coord_publisher.py -> /home/zzz/ros2_ws/src/my_ur10e_control/build/robot_coord_custom/build/lib/robot_coord_custom
copying robot_coord_custom/coord_subscriber.py -> /home/zzz/ros2_ws/src/my_ur10e_control/build/robot_coord_custom/build/lib/robot_coord_custom
copying robot_coord_custom/__init__.py -> /home/zzz/ros2_ws/src/my_ur10e_control/build/robot_coord_custom/build/lib/robot_coord_custom
running install
running install_lib
creating /home/zzz/ros2_ws/src/my_ur10e_control/install/robot_coord_custom/lib/python3.10/site-packages/robot_coord_custom
copying /home/zzz/ros2_ws/src/my_ur10e_control/build/robot_coord_custom/build/lib/robot_coord_custom/coord_publisher.py -> /home/zzz/ros2_ws/src/my_ur10e_control/install/robot_coord_custom/lib/python3.10/site-packages/robot_coord_custom
copying /home/zzz/ros2_ws/src/my_ur10e_control/build/robot_coord_custom/build/lib/robot_coord_custom/coord_subscriber.py -> /home/zzz/ros2_ws/src/my_ur10e_control/install/robot_coord_custom/lib/python3.10/site-packages/robot_coord_custom
copying /home/zzz/ros2_ws/src/my_ur10e_control/build/robot_coord_custom/build/lib/robot_coord_custom/__init__.py -> /home/zzz/ros2_ws/src/my_ur10e_control/install/robot_coord_custom/lib/python3.10/site-packages/robot_coord_custom
byte-compiling /home/zzz/ros2_ws/src/my_ur10e_control/install/robot_coord_custom/lib/python3.10/site-packages/robot_coord_custom/coord_publisher.py to coord_publisher.cpython-310.pyc
byte-compiling /home/zzz/ros2_ws/src/my_ur10e_control/install/robot_coord_custom/lib/python3.10/site-packages/robot_coord_custom/coord_subscriber.py to coord_subscriber.cpython-310.pyc
byte-compiling /home/zzz/ros2_ws/src/my_ur10e_control/install/robot_coord_custom/lib/python3.10/site-packages/robot_coord_custom/__init__.py to __init__.cpython-310.pyc
running install_data
creating /home/zzz/ros2_ws/src/my_ur10e_control/install/robot_coord_custom/share/ament_index
creating /home/zzz/ros2_ws/src/my_ur10e_control/install/robot_coord_custom/share/ament_index/resource_index
creating /home/zzz/ros2_ws/src/my_ur10e_control/install/robot_coord_custom/share/ament_index/resource_index/packages
copying resource/robot_coord_custom -> /home/zzz/ros2_ws/src/my_ur10e_control/install/robot_coord_custom/share/ament_index/resource_index/packages
copying package.xml -> /home/zzz/ros2_ws/src/my_ur10e_control/install/robot_coord_custom/share/robot_coord_custom
running install_egg_info
Copying ../build/robot_coord_custom/robot_coord_custom.egg-info to /home/zzz/ros2_ws/src/my_ur10e_control/install/robot_coord_custom/lib/python3.10/site-packages/robot_coord_custom-0.0.0-py3.10.egg-info
running install_scripts
writing list of installed files to '/home/zzz/ros2_ws/src/my_ur10e_control/build/robot_coord_custom/install.log'
