[0.844s] Invoking command in '/home/zzz/ros2_ws/src/my_ur10e_control/transmit': CONDA_PROMPT_MODIFIER=(base) PYTHONPATH=/home/zzz/ros2_ws/src/my_ur10e_control/build/robot_coord_custom/prefix_override:/usr/lib/python3/dist-packages/colcon_core/task/python/colcon_distutils_commands:/home/zzz/ros2_ws/src/my_ur10e_control/install/robot_coord_custom/lib/python3.10/site-packages:${PYTHONPATH} /usr/bin/python3 -W ignore:setup.py install is deprecated -W ignore:easy_install command is deprecated setup.py egg_info --egg-base ../build/robot_coord_custom build --build-base /home/zzz/ros2_ws/src/my_ur10e_control/build/robot_coord_custom/build install --record /home/zzz/ros2_ws/src/my_ur10e_control/build/robot_coord_custom/install.log --single-version-externally-managed install_data
[0.984s] running egg_info
[0.985s] creating ../build/robot_coord_custom/robot_coord_custom.egg-info
[0.985s] writing ../build/robot_coord_custom/robot_coord_custom.egg-info/PKG-INFO
[0.985s] writing dependency_links to ../build/robot_coord_custom/robot_coord_custom.egg-info/dependency_links.txt
[0.985s] writing entry points to ../build/robot_coord_custom/robot_coord_custom.egg-info/entry_points.txt
[0.985s] writing requirements to ../build/robot_coord_custom/robot_coord_custom.egg-info/requires.txt
[0.985s] writing top-level names to ../build/robot_coord_custom/robot_coord_custom.egg-info/top_level.txt
[0.985s] writing manifest file '../build/robot_coord_custom/robot_coord_custom.egg-info/SOURCES.txt'
[0.986s] reading manifest file '../build/robot_coord_custom/robot_coord_custom.egg-info/SOURCES.txt'
[0.986s] writing manifest file '../build/robot_coord_custom/robot_coord_custom.egg-info/SOURCES.txt'
[0.986s] running build
[0.986s] running build_py
[0.986s] creating /home/zzz/ros2_ws/src/my_ur10e_control/build/robot_coord_custom/build
[0.986s] creating /home/zzz/ros2_ws/src/my_ur10e_control/build/robot_coord_custom/build/lib
[0.986s] creating /home/zzz/ros2_ws/src/my_ur10e_control/build/robot_coord_custom/build/lib/robot_coord_custom
[0.986s] copying robot_coord_custom/coord_publisher.py -> /home/zzz/ros2_ws/src/my_ur10e_control/build/robot_coord_custom/build/lib/robot_coord_custom
[0.986s] copying robot_coord_custom/coord_subscriber.py -> /home/zzz/ros2_ws/src/my_ur10e_control/build/robot_coord_custom/build/lib/robot_coord_custom
[0.986s] copying robot_coord_custom/__init__.py -> /home/zzz/ros2_ws/src/my_ur10e_control/build/robot_coord_custom/build/lib/robot_coord_custom
[0.987s] running install
[0.987s] running install_lib
[0.987s] creating /home/zzz/ros2_ws/src/my_ur10e_control/install/robot_coord_custom/lib/python3.10/site-packages/robot_coord_custom
[0.987s] copying /home/zzz/ros2_ws/src/my_ur10e_control/build/robot_coord_custom/build/lib/robot_coord_custom/coord_publisher.py -> /home/zzz/ros2_ws/src/my_ur10e_control/install/robot_coord_custom/lib/python3.10/site-packages/robot_coord_custom
[0.987s] copying /home/zzz/ros2_ws/src/my_ur10e_control/build/robot_coord_custom/build/lib/robot_coord_custom/coord_subscriber.py -> /home/zzz/ros2_ws/src/my_ur10e_control/install/robot_coord_custom/lib/python3.10/site-packages/robot_coord_custom
[0.987s] copying /home/zzz/ros2_ws/src/my_ur10e_control/build/robot_coord_custom/build/lib/robot_coord_custom/__init__.py -> /home/zzz/ros2_ws/src/my_ur10e_control/install/robot_coord_custom/lib/python3.10/site-packages/robot_coord_custom
[0.987s] byte-compiling /home/zzz/ros2_ws/src/my_ur10e_control/install/robot_coord_custom/lib/python3.10/site-packages/robot_coord_custom/coord_publisher.py to coord_publisher.cpython-310.pyc
[0.988s] byte-compiling /home/zzz/ros2_ws/src/my_ur10e_control/install/robot_coord_custom/lib/python3.10/site-packages/robot_coord_custom/coord_subscriber.py to coord_subscriber.cpython-310.pyc
[0.988s] byte-compiling /home/zzz/ros2_ws/src/my_ur10e_control/install/robot_coord_custom/lib/python3.10/site-packages/robot_coord_custom/__init__.py to __init__.cpython-310.pyc
[0.988s] running install_data
[0.988s] creating /home/zzz/ros2_ws/src/my_ur10e_control/install/robot_coord_custom/share/ament_index
[0.988s] creating /home/zzz/ros2_ws/src/my_ur10e_control/install/robot_coord_custom/share/ament_index/resource_index
[0.988s] creating /home/zzz/ros2_ws/src/my_ur10e_control/install/robot_coord_custom/share/ament_index/resource_index/packages
[0.988s] copying resource/robot_coord_custom -> /home/zzz/ros2_ws/src/my_ur10e_control/install/robot_coord_custom/share/ament_index/resource_index/packages
[0.988s] copying package.xml -> /home/zzz/ros2_ws/src/my_ur10e_control/install/robot_coord_custom/share/robot_coord_custom
[0.988s] running install_egg_info
[0.989s] Copying ../build/robot_coord_custom/robot_coord_custom.egg-info to /home/zzz/ros2_ws/src/my_ur10e_control/install/robot_coord_custom/lib/python3.10/site-packages/robot_coord_custom-0.0.0-py3.10.egg-info
[0.989s] running install_scripts
[1.000s] writing list of installed files to '/home/zzz/ros2_ws/src/my_ur10e_control/build/robot_coord_custom/install.log'
[1.011s] Invoked command in '/home/zzz/ros2_ws/src/my_ur10e_control/transmit' returned '0': CONDA_PROMPT_MODIFIER=(base) PYTHONPATH=/home/zzz/ros2_ws/src/my_ur10e_control/build/robot_coord_custom/prefix_override:/usr/lib/python3/dist-packages/colcon_core/task/python/colcon_distutils_commands:/home/zzz/ros2_ws/src/my_ur10e_control/install/robot_coord_custom/lib/python3.10/site-packages:${PYTHONPATH} /usr/bin/python3 -W ignore:setup.py install is deprecated -W ignore:easy_install command is deprecated setup.py egg_info --egg-base ../build/robot_coord_custom build --build-base /home/zzz/ros2_ws/src/my_ur10e_control/build/robot_coord_custom/build install --record /home/zzz/ros2_ws/src/my_ur10e_control/build/robot_coord_custom/install.log --single-version-externally-managed install_data
